<?xml version="1.0" encoding="UTF-8"?>
<testng-results ignored="0" total="1" passed="1" failed="0" skipped="0">
  <reporter-output>
  </reporter-output>
  <suite started-at="2019-10-25T01:32:55 IST" name="Regressiion" finished-at="2019-10-25T01:32:57 IST" duration-ms="1920">
    <groups>
      <group name="cucumber">
        <method signature="AbstractTestNGCucumberTests.feature(cucumber.api.testng.CucumberFeatureWrapper)[pri:0, instance:Runner.testngrunner@3590fc5b]" name="feature" class="cucumber.api.testng.AbstractTestNGCucumberTests"/>
      </group> <!-- cucumber -->
    </groups>
    <test started-at="2019-10-25T01:32:55 IST" name="FLSmidth" finished-at="2019-10-25T01:32:57 IST" duration-ms="1920">
      <class name="Runner.testngrunner">
        <test-method is-config="true" signature="setUpClass()[pri:0, instance:Runner.testngrunner@3590fc5b]" started-at="2019-10-25T01:32:55 IST" name="setUpClass" finished-at="2019-10-25T01:32:56 IST" duration-ms="413" status="PASS">
          <reporter-output>
          </reporter-output>
        </test-method> <!-- setUpClass -->
        <test-method signature="feature(cucumber.api.testng.CucumberFeatureWrapper)[pri:0, instance:Runner.testngrunner@3590fc5b]" started-at="2019-10-25T01:32:56 IST" name="feature" description="Runs Cucumber Feature" data-provider="features" finished-at="2019-10-25T01:32:56 IST" duration-ms="98" status="PASS">
          <params>
            <param index="0">
              <value>
                <![CDATA[Login]]>
              </value>
            </param>
          </params>
          <reporter-output>
          </reporter-output>
        </test-method> <!-- feature -->
        <test-method is-config="true" signature="tearDownClass()[pri:0, instance:Runner.testngrunner@3590fc5b]" started-at="2019-10-25T01:32:56 IST" name="tearDownClass" finished-at="2019-10-25T01:32:57 IST" duration-ms="1070" status="PASS">
          <reporter-output>
          </reporter-output>
        </test-method> <!-- tearDownClass -->
      </class> <!-- Runner.testngrunner -->
    </test> <!-- FLSmidth -->
  </suite> <!-- Regressiion -->
</testng-results>
